<?xml version="1.0" encoding="UTF-8"?>
<!-- Generated by org.testng.reporters.JUnitReportReporter -->
<testsuite hostname="ENTEIN1LTWKS005" failures="1" tests="2" name="com.NOVO_SEO.AllPage.Unient_HomePageTest" time="16.102" errors="0" timestamp="2022-10-14T07:23:28 IST" skipped="0">
  <testcase classname="com.NOVO_SEO.AllPage.Unient_HomePageTest" name="Unient_HomePageTitleVelidation" time="8.000"/>
  <system-out/>
  <testcase classname="com.NOVO_SEO.AllPage.Unient_HomePageTest" name="Unient_HomePageMetaDescriptionVelidation" time="8.102">
    <failure message="expected [Empower your organisation to function onshore &amp; offshore as one enterprise with Unient&#039;s versatile range of services &amp; regional service delivery capabilities.] but found [Empower your organisation to function onshore &amp; offshore as one enterprise with Unient`s versatile range of services &amp; regional service delivery capabilities.]" type="java.lang.AssertionError">
      <![CDATA[java.lang.AssertionError: expected [Empower your organisation to function onshore & offshore as one enterprise with Unient's versatile range of services & regional service delivery capabilities.] but found [Empower your organisation to function onshore & offshore as one enterprise with Unient`s versatile range of services & regional service delivery capabilities.]
at org.testng.Assert.fail(Assert.java:99)
at org.testng.Assert.failNotEquals(Assert.java:1037)
at org.testng.Assert.assertEqualsImpl(Assert.java:140)
at org.testng.Assert.assertEquals(Assert.java:122)
at org.testng.Assert.assertEquals(Assert.java:629)
at org.testng.Assert.assertEquals(Assert.java:639)
at com.NOVO_SEO.FunctionLibrary.Unient_HomePage.homePageMetaDescription(Unient_HomePage.java:49)
at com.NOVO_SEO.AllPage.Unient_HomePageTest.Unient_HomePageMetaDescriptionVelidation(Unient_HomePageTest.java:28)
at java.base/jdk.internal.reflect.NativeMethodAccessorImpl.invoke0(Native Method)
at java.base/jdk.internal.reflect.NativeMethodAccessorImpl.invoke(NativeMethodAccessorImpl.java:77)
at java.base/jdk.internal.reflect.DelegatingMethodAccessorImpl.invoke(DelegatingMethodAccessorImpl.java:43)
at java.base/java.lang.reflect.Method.invoke(Method.java:568)
at org.testng.internal.MethodInvocationHelper.invokeMethod(MethodInvocationHelper.java:133)
at org.testng.internal.TestInvoker.invokeMethod(TestInvoker.java:598)
at org.testng.internal.TestInvoker.invokeTestMethod(TestInvoker.java:173)
at org.testng.internal.MethodRunner.runInSequence(MethodRunner.java:46)
at org.testng.internal.TestInvoker$MethodInvocationAgent.invoke(TestInvoker.java:824)
at org.testng.internal.TestInvoker.invokeTestMethods(TestInvoker.java:146)
at org.testng.internal.TestMethodWorker.invokeTestMethods(TestMethodWorker.java:146)
at org.testng.internal.TestMethodWorker.run(TestMethodWorker.java:128)
at java.base/java.util.ArrayList.forEach(ArrayList.java:1511)
at org.testng.TestRunner.privateRun(TestRunner.java:794)
at org.testng.TestRunner.run(TestRunner.java:596)
at org.testng.SuiteRunner.runTest(SuiteRunner.java:377)
at org.testng.SuiteRunner.runSequentially(SuiteRunner.java:371)
at org.testng.SuiteRunner.privateRun(SuiteRunner.java:332)
at org.testng.SuiteRunner.run(SuiteRunner.java:276)
at org.testng.SuiteRunnerWorker.runSuite(SuiteRunnerWorker.java:53)
at org.testng.SuiteRunnerWorker.run(SuiteRunnerWorker.java:96)
at org.testng.TestNG.runSuitesSequentially(TestNG.java:1212)
at org.testng.TestNG.runSuitesLocally(TestNG.java:1134)
at org.testng.TestNG.runSuites(TestNG.java:1063)
at org.testng.TestNG.run(TestNG.java:1031)
at org.testng.remote.AbstractRemoteTestNG.run(AbstractRemoteTestNG.java:115)
at org.testng.remote.RemoteTestNG.initAndRun(RemoteTestNG.java:251)
at org.testng.remote.RemoteTestNG.main(RemoteTestNG.java:77)
]]>
    </failure>
  </testcase> <!-- Unient_HomePageMetaDescriptionVelidation -->
  <system-out/>
</testsuite> <!-- com.NOVO_SEO.AllPage.Unient_HomePageTest -->
